<?xml version="1.0" encoding="UTF-8"?>
<!-- Generated by org.testng.reporters.JUnitReportReporter -->
<testsuite hostname="W-PF2X53DB" failures="0" tests="1" name="com.c4cSales.LoginTest.LoginTest" time="26.682" errors="0" timestamp="2021-11-10T08:19:39 IST" skipped="0">
  <testcase classname="com.c4cSales.LoginTest.LoginTest" name="LoginTestCase" time="26.682"/>
  <system-out/>
</testsuite> <!-- com.c4cSales.LoginTest.LoginTest -->
