<?xml version="1.0" encoding="UTF-8"?>
<!-- Generated by org.testng.reporters.JUnitReportReporter -->
<testsuite hostname="W-PF2X53DB" failures="0" tests="1" name="com.c4cSales.TestScripts.LoginTest" time="28.502" errors="0" timestamp="2021-11-10T09:10:30 IST" skipped="0">
  <testcase classname="com.c4cSales.TestScripts.LoginTest" name="LoginTestCase" time="28.502"/>
  <system-out/>
</testsuite> <!-- com.c4cSales.TestScripts.LoginTest -->
