<?xml version="1.0" encoding="UTF-8"?>
<!-- Generated by org.testng.reporters.JUnitReportReporter -->
<testsuite skipped="0" hostname="W-PF2X53DB" name="com.c4cSales.TestScripts.LoginTest" tests="1" failures="0" timestamp="2021-11-10T11:12:17 IST" time="30.231" errors="0">
  <testcase name="LoginTestCase" time="30.231" classname="com.c4cSales.TestScripts.LoginTest"/>
  <system-out/>
</testsuite> <!-- com.c4cSales.TestScripts.LoginTest -->
